===== System Health Check: Thu Nov 13 04:39:57 PM IST 2025 =====
CPU Usage: 4%
Memory Usage: 79%
Disk Usage: 22%

Top 5 CPU-consuming processes:
    PID COMMAND         %CPU %MEM
 336185 Isolated Web Co  7.8  6.8
   4402 firefox          4.3  7.5
 335414 Isolated Web Co  2.5  2.5
   3465 gnome-shell      1.1  1.5
  43801 Isolated Web Co  1.1  5.0
=========================================

===== System Health Check: Thu Nov 13 04:40:36 PM IST 2025 =====
CPU Usage: 3%
Memory Usage: 78%
Disk Usage: 22%

Top 5 CPU-consuming processes:
    PID COMMAND         %CPU %MEM
 343129 ps               300  0.0
 336185 Isolated Web Co  7.5  6.5
   4402 firefox          4.3  7.5
 335414 Isolated Web Co  2.4  2.5
   3465 gnome-shell      1.1  1.5
=========================================

